[0.723s] Invoking command in '/ros_ws/src/pub': PYTHONPATH=/ros_ws/src/build/pub/prefix_override:/ros_ws/src/install/pub/lib/python3.10/site-packages:${PYTHONPATH} /usr/bin/python3 setup.py egg_info --egg-base ../build/pub build --build-base /ros_ws/src/build/pub/build install --record /ros_ws/src/build/pub/install.log --single-version-externally-managed
[0.962s] running egg_info
[0.962s] creating ../build/pub/pub.egg-info
[0.962s] writing ../build/pub/pub.egg-info/PKG-INFO
[0.962s] writing dependency_links to ../build/pub/pub.egg-info/dependency_links.txt
[0.962s] writing entry points to ../build/pub/pub.egg-info/entry_points.txt
[0.962s] writing requirements to ../build/pub/pub.egg-info/requires.txt
[0.962s] writing top-level names to ../build/pub/pub.egg-info/top_level.txt
[0.963s] writing manifest file '../build/pub/pub.egg-info/SOURCES.txt'
[0.964s] reading manifest file '../build/pub/pub.egg-info/SOURCES.txt'
[0.964s] adding license file 'LICENSE'
[0.965s] writing manifest file '../build/pub/pub.egg-info/SOURCES.txt'
[0.965s] running build
[0.965s] running build_py
[0.965s] creating /ros_ws/src/build/pub/build
[0.965s] creating /ros_ws/src/build/pub/build/lib
[0.965s] creating /ros_ws/src/build/pub/build/lib/pub
[0.965s] copying pub/__init__.py -> /ros_ws/src/build/pub/build/lib/pub
[0.965s] running install
[0.965s] /usr/lib/python3/dist-packages/setuptools/command/install.py:34: SetuptoolsDeprecationWarning: setup.py install is deprecated. Use build and pip and other standards-based tools.
[0.966s]   warnings.warn(
[0.966s] running install_lib
[0.967s] creating /ros_ws/src/install/pub/lib/python3.10/site-packages/pub
[0.967s] copying /ros_ws/src/build/pub/build/lib/pub/__init__.py -> /ros_ws/src/install/pub/lib/python3.10/site-packages/pub
[0.967s] byte-compiling /ros_ws/src/install/pub/lib/python3.10/site-packages/pub/__init__.py to __init__.cpython-310.pyc
[0.967s] running install_data
[0.968s] creating /ros_ws/src/install/pub/share/ament_index
[0.968s] creating /ros_ws/src/install/pub/share/ament_index/resource_index
[0.968s] creating /ros_ws/src/install/pub/share/ament_index/resource_index/packages
[0.968s] copying resource/pub -> /ros_ws/src/install/pub/share/ament_index/resource_index/packages
[0.968s] copying package.xml -> /ros_ws/src/install/pub/share/pub
[0.969s] running install_egg_info
[0.970s] Copying ../build/pub/pub.egg-info to /ros_ws/src/install/pub/lib/python3.10/site-packages/pub-0.0.0-py3.10.egg-info
[0.972s] running install_scripts
[0.993s] writing list of installed files to '/ros_ws/src/build/pub/install.log'
[1.016s] Invoked command in '/ros_ws/src/pub' returned '0': PYTHONPATH=/ros_ws/src/build/pub/prefix_override:/ros_ws/src/install/pub/lib/python3.10/site-packages:${PYTHONPATH} /usr/bin/python3 setup.py egg_info --egg-base ../build/pub build --build-base /ros_ws/src/build/pub/build install --record /ros_ws/src/build/pub/install.log --single-version-externally-managed
