running egg_info
writing ../build/pub/pub.egg-info/PKG-INFO
writing dependency_links to ../build/pub/pub.egg-info/dependency_links.txt
writing entry points to ../build/pub/pub.egg-info/entry_points.txt
writing requirements to ../build/pub/pub.egg-info/requires.txt
writing top-level names to ../build/pub/pub.egg-info/top_level.txt
reading manifest file '../build/pub/pub.egg-info/SOURCES.txt'
adding license file 'LICENSE'
writing manifest file '../build/pub/pub.egg-info/SOURCES.txt'
running build
running build_py
copying pub/publisher.py -> /ros_ws/src/build/pub/build/lib/pub
copying pub/__init__.py -> /ros_ws/src/build/pub/build/lib/pub
running install
running install_lib
copying /ros_ws/src/build/pub/build/lib/pub/publisher.py -> /ros_ws/src/install/pub/lib/python3.10/site-packages/pub
copying /ros_ws/src/build/pub/build/lib/pub/__init__.py -> /ros_ws/src/install/pub/lib/python3.10/site-packages/pub
byte-compiling /ros_ws/src/install/pub/lib/python3.10/site-packages/pub/publisher.py to publisher.cpython-310.pyc
byte-compiling /ros_ws/src/install/pub/lib/python3.10/site-packages/pub/__init__.py to __init__.cpython-310.pyc
running install_data
copying package.xml -> /ros_ws/src/install/pub/share/pub
running install_egg_info
removing '/ros_ws/src/install/pub/lib/python3.10/site-packages/pub-0.0.0-py3.10.egg-info' (and everything under it)
Copying ../build/pub/pub.egg-info to /ros_ws/src/install/pub/lib/python3.10/site-packages/pub-0.0.0-py3.10.egg-info
running install_scripts
Installing talker script to /ros_ws/src/install/pub/lib/pub
writing list of installed files to '/ros_ws/src/build/pub/install.log'
