[0.606s] Invoking command in '/ros_ws/src/pub': PYTHONPATH=/ros_ws/src/build/pub/prefix_override:/ros_ws/src/install/pub/lib/python3.10/site-packages:${PYTHONPATH} /usr/bin/python3 setup.py egg_info --egg-base ../build/pub build --build-base /ros_ws/src/build/pub/build install --record /ros_ws/src/build/pub/install.log --single-version-externally-managed
[0.792s] running egg_info
[0.793s] writing ../build/pub/pub.egg-info/PKG-INFO
[0.793s] writing dependency_links to ../build/pub/pub.egg-info/dependency_links.txt
[0.793s] writing entry points to ../build/pub/pub.egg-info/entry_points.txt
[0.793s] writing requirements to ../build/pub/pub.egg-info/requires.txt
[0.793s] writing top-level names to ../build/pub/pub.egg-info/top_level.txt
[0.794s] reading manifest file '../build/pub/pub.egg-info/SOURCES.txt'
[0.795s] adding license file 'LICENSE'
[0.795s] writing manifest file '../build/pub/pub.egg-info/SOURCES.txt'
[0.795s] running build
[0.795s] running build_py
[0.795s] copying pub/publisher.py -> /ros_ws/src/build/pub/build/lib/pub
[0.795s] copying pub/__init__.py -> /ros_ws/src/build/pub/build/lib/pub
[0.796s] running install
[0.796s] running install_lib
[0.796s] copying /ros_ws/src/build/pub/build/lib/pub/publisher.py -> /ros_ws/src/install/pub/lib/python3.10/site-packages/pub
[0.796s] copying /ros_ws/src/build/pub/build/lib/pub/__init__.py -> /ros_ws/src/install/pub/lib/python3.10/site-packages/pub
[0.797s] byte-compiling /ros_ws/src/install/pub/lib/python3.10/site-packages/pub/publisher.py to publisher.cpython-310.pyc
[0.797s] byte-compiling /ros_ws/src/install/pub/lib/python3.10/site-packages/pub/__init__.py to __init__.cpython-310.pyc
[0.797s] running install_data
[0.798s] copying package.xml -> /ros_ws/src/install/pub/share/pub
[0.798s] running install_egg_info
[0.799s] removing '/ros_ws/src/install/pub/lib/python3.10/site-packages/pub-0.0.0-py3.10.egg-info' (and everything under it)
[0.799s] Copying ../build/pub/pub.egg-info to /ros_ws/src/install/pub/lib/python3.10/site-packages/pub-0.0.0-py3.10.egg-info
[0.800s] running install_scripts
[0.815s] Installing talker script to /ros_ws/src/install/pub/lib/pub
[0.815s] writing list of installed files to '/ros_ws/src/build/pub/install.log'
[0.835s] Invoked command in '/ros_ws/src/pub' returned '0': PYTHONPATH=/ros_ws/src/build/pub/prefix_override:/ros_ws/src/install/pub/lib/python3.10/site-packages:${PYTHONPATH} /usr/bin/python3 setup.py egg_info --egg-base ../build/pub build --build-base /ros_ws/src/build/pub/build install --record /ros_ws/src/build/pub/install.log --single-version-externally-managed
